<?xml version="1.0" encoding="UTF-8"?>
<!-- Generated by org.testng.reporters.JUnitXMLReporter -->
<testsuite ignored="0" hostname="DESKTOP-UO1OTNH" failures="0" tests="3" name="Default test" time="24.215" errors="0" timestamp="2024-08-09T03:00:35 IST">
  <testcase classname="automationexerciseshoping.LoginFunctionality" name="negativeLoginTestInvalidEmail" time="6.395"/>
  <testcase classname="automationexerciseshoping.LoginFunctionality" name="negativeLoginTestInvalidPassword" time="4.755"/>
  <testcase classname="automationexerciseshoping.LoginFunctionality" name="positiveLoginTest" time="7.2"/>
</testsuite> <!-- Default test -->
