<?xml version="1.0" encoding="UTF-8"?>
<!-- Generated by org.testng.reporters.JUnitXMLReporter -->
<testsuite ignored="0" hostname="DESKTOP-UO1OTNH" failures="0" tests="4" name="GoogleSearchTest" time="26.107" errors="0" timestamp="2024-08-08T00:54:46 IST">
  <testcase classname="AutomationQA2.AutomationDemo2.GoogleSearchTest" name="searchAutomationTesting" time="6.811"/>
  <testcase classname="AutomationQA2.AutomationDemo2.GoogleSearchTest" name="searchJavaProgramming" time="8.602"/>
  <testcase classname="AutomationQA2.AutomationDemo2.GoogleSearchTest" name="searchSeleniumWebDriver" time="3.125"/>
  <testcase classname="AutomationQA2.AutomationDemo2.GoogleSearchTest" name="searchTestNG" time="2.615"/>
</testsuite> <!-- GoogleSearchTest -->
